<?xml version="1.0" encoding="UTF-8"?>
<!-- Generated by org.testng.reporters.JUnitReportReporter -->
<testsuite skipped="0" hostname="Bharath-PC" name="com.CashKro_Login.Forgot_pwd" tests="1" failures="0" timestamp="21 Dec 2017 23:10:01 GMT" time="8.196" errors="0">
  <testcase name="forgot_Pwd" time="8.196" classname="com.CashKro_Login.Forgot_pwd"/>
</testsuite> <!-- com.CashKro_Login.Forgot_pwd -->
